Determining if the pthread_create exist failed with the following output:
Change Dir: /home/gejg/ros/bioinspired_ws/build/tutorial2/CMakeFiles/CMakeTmp

Run Build Command:"/usr/bin/make" "cmTC_0c37e/fast"
/usr/bin/make -f CMakeFiles/cmTC_0c37e.dir/build.make CMakeFiles/cmTC_0c37e.dir/build
make[1]: Entering directory '/home/gejg/ros/bioinspired_ws/build/tutorial2/CMakeFiles/CMakeTmp'
/usr/bin/cmake: /home/gejg/software/pynaoqi/libssl.so.1.0.0: no version information available (required by /usr/lib/x86_64-linux-gnu/libcurl.so.4)
/usr/bin/cmake: /home/gejg/software/pynaoqi/libssl.so.1.0.0: no version information available (required by /usr/lib/x86_64-linux-gnu/libcurl.so.4)
/usr/bin/cmake: /home/gejg/software/pynaoqi/libssl.so.1.0.0: no version information available (required by /usr/lib/x86_64-linux-gnu/libcurl.so.4)
/usr/bin/cmake: /home/gejg/software/pynaoqi/libcrypto.so.1.0.0: no version information available (required by /usr/lib/x86_64-linux-gnu/libcurl.so.4)
Building C object CMakeFiles/cmTC_0c37e.dir/CheckSymbolExists.c.o
/usr/bin/cc     -o CMakeFiles/cmTC_0c37e.dir/CheckSymbolExists.c.o   -c /home/gejg/ros/bioinspired_ws/build/tutorial2/CMakeFiles/CMakeTmp/CheckSymbolExists.c
/usr/bin/cmake: /home/gejg/software/pynaoqi/libssl.so.1.0.0: no version information available (required by /usr/lib/x86_64-linux-gnu/libcurl.so.4)
/usr/bin/cmake: /home/gejg/software/pynaoqi/libssl.so.1.0.0: no version information available (required by /usr/lib/x86_64-linux-gnu/libcurl.so.4)
/usr/bin/cmake: /home/gejg/software/pynaoqi/libssl.so.1.0.0: no version information available (required by /usr/lib/x86_64-linux-gnu/libcurl.so.4)
/usr/bin/cmake: /home/gejg/software/pynaoqi/libcrypto.so.1.0.0: no version information available (required by /usr/lib/x86_64-linux-gnu/libcurl.so.4)
Linking C executable cmTC_0c37e
/usr/bin/cmake -E cmake_link_script CMakeFiles/cmTC_0c37e.dir/link.txt --verbose=1
/usr/bin/cmake: /home/gejg/software/pynaoqi/libssl.so.1.0.0: no version information available (required by /usr/lib/x86_64-linux-gnu/libcurl.so.4)
/usr/bin/cmake: /home/gejg/software/pynaoqi/libssl.so.1.0.0: no version information available (required by /usr/lib/x86_64-linux-gnu/libcurl.so.4)
/usr/bin/cmake: /home/gejg/software/pynaoqi/libssl.so.1.0.0: no version information available (required by /usr/lib/x86_64-linux-gnu/libcurl.so.4)
/usr/bin/cmake: /home/gejg/software/pynaoqi/libcrypto.so.1.0.0: no version information available (required by /usr/lib/x86_64-linux-gnu/libcurl.so.4)
/usr/bin/cc       CMakeFiles/cmTC_0c37e.dir/CheckSymbolExists.c.o  -o cmTC_0c37e -rdynamic 
CMakeFiles/cmTC_0c37e.dir/CheckSymbolExists.c.o: In function `main':
CheckSymbolExists.c:(.text+0x16): undefined reference to `pthread_create'
collect2: error: ld returned 1 exit status
CMakeFiles/cmTC_0c37e.dir/build.make:97: recipe for target 'cmTC_0c37e' failed
make[1]: *** [cmTC_0c37e] Error 1
make[1]: Leaving directory '/home/gejg/ros/bioinspired_ws/build/tutorial2/CMakeFiles/CMakeTmp'
Makefile:126: recipe for target 'cmTC_0c37e/fast' failed
make: *** [cmTC_0c37e/fast] Error 2

File /home/gejg/ros/bioinspired_ws/build/tutorial2/CMakeFiles/CMakeTmp/CheckSymbolExists.c:
/* */
#include <pthread.h>

int main(int argc, char** argv)
{
  (void)argv;
#ifndef pthread_create
  return ((int*)(&pthread_create))[argc];
#else
  (void)argc;
  return 0;
#endif
}

Determining if the function pthread_create exists in the pthreads failed with the following output:
Change Dir: /home/gejg/ros/bioinspired_ws/build/tutorial2/CMakeFiles/CMakeTmp

Run Build Command:"/usr/bin/make" "cmTC_afef8/fast"
/usr/bin/make -f CMakeFiles/cmTC_afef8.dir/build.make CMakeFiles/cmTC_afef8.dir/build
make[1]: Entering directory '/home/gejg/ros/bioinspired_ws/build/tutorial2/CMakeFiles/CMakeTmp'
/usr/bin/cmake: /home/gejg/software/pynaoqi/libssl.so.1.0.0: no version information available (required by /usr/lib/x86_64-linux-gnu/libcurl.so.4)
/usr/bin/cmake: /home/gejg/software/pynaoqi/libssl.so.1.0.0: no version information available (required by /usr/lib/x86_64-linux-gnu/libcurl.so.4)
/usr/bin/cmake: /home/gejg/software/pynaoqi/libssl.so.1.0.0: no version information available (required by /usr/lib/x86_64-linux-gnu/libcurl.so.4)
/usr/bin/cmake: /home/gejg/software/pynaoqi/libcrypto.so.1.0.0: no version information available (required by /usr/lib/x86_64-linux-gnu/libcurl.so.4)
Building C object CMakeFiles/cmTC_afef8.dir/CheckFunctionExists.c.o
/usr/bin/cc    -DCHECK_FUNCTION_EXISTS=pthread_create   -o CMakeFiles/cmTC_afef8.dir/CheckFunctionExists.c.o   -c /usr/share/cmake-3.5/Modules/CheckFunctionExists.c
/usr/bin/cmake: /home/gejg/software/pynaoqi/libssl.so.1.0.0: no version information available (required by /usr/lib/x86_64-linux-gnu/libcurl.so.4)
/usr/bin/cmake: /home/gejg/software/pynaoqi/libssl.so.1.0.0: no version information available (required by /usr/lib/x86_64-linux-gnu/libcurl.so.4)
/usr/bin/cmake: /home/gejg/software/pynaoqi/libssl.so.1.0.0: no version information available (required by /usr/lib/x86_64-linux-gnu/libcurl.so.4)
/usr/bin/cmake: /home/gejg/software/pynaoqi/libcrypto.so.1.0.0: no version information available (required by /usr/lib/x86_64-linux-gnu/libcurl.so.4)
Linking C executable cmTC_afef8
/usr/bin/cmake -E cmake_link_script CMakeFiles/cmTC_afef8.dir/link.txt --verbose=1
/usr/bin/cmake: /home/gejg/software/pynaoqi/libssl.so.1.0.0: no version information available (required by /usr/lib/x86_64-linux-gnu/libcurl.so.4)
/usr/bin/cmake: /home/gejg/software/pynaoqi/libssl.so.1.0.0: no version information available (required by /usr/lib/x86_64-linux-gnu/libcurl.so.4)
/usr/bin/cmake: /home/gejg/software/pynaoqi/libssl.so.1.0.0: no version information available (required by /usr/lib/x86_64-linux-gnu/libcurl.so.4)
/usr/bin/cmake: /home/gejg/software/pynaoqi/libcrypto.so.1.0.0: no version information available (required by /usr/lib/x86_64-linux-gnu/libcurl.so.4)
/usr/bin/cc   -DCHECK_FUNCTION_EXISTS=pthread_create    CMakeFiles/cmTC_afef8.dir/CheckFunctionExists.c.o  -o cmTC_afef8 -rdynamic -lpthreads 
/usr/bin/ld: cannot find -lpthreads
collect2: error: ld returned 1 exit status
CMakeFiles/cmTC_afef8.dir/build.make:97: recipe for target 'cmTC_afef8' failed
make[1]: *** [cmTC_afef8] Error 1
make[1]: Leaving directory '/home/gejg/ros/bioinspired_ws/build/tutorial2/CMakeFiles/CMakeTmp'
Makefile:126: recipe for target 'cmTC_afef8/fast' failed
make: *** [cmTC_afef8/fast] Error 2


