Determining if the pthread_create exist failed with the following output:
Change Dir: /home/gejg/ros/bioinspired_ws/build/tutorial1/CMakeFiles/CMakeTmp

Run Build Command:"/usr/bin/make" "cmTC_ce85d/fast"
/usr/bin/make -f CMakeFiles/cmTC_ce85d.dir/build.make CMakeFiles/cmTC_ce85d.dir/build
make[1]: Entering directory '/home/gejg/ros/bioinspired_ws/build/tutorial1/CMakeFiles/CMakeTmp'
Building C object CMakeFiles/cmTC_ce85d.dir/CheckSymbolExists.c.o
/usr/bin/cc     -o CMakeFiles/cmTC_ce85d.dir/CheckSymbolExists.c.o   -c /home/gejg/ros/bioinspired_ws/build/tutorial1/CMakeFiles/CMakeTmp/CheckSymbolExists.c
Linking C executable cmTC_ce85d
/usr/bin/cmake -E cmake_link_script CMakeFiles/cmTC_ce85d.dir/link.txt --verbose=1
/usr/bin/cc       CMakeFiles/cmTC_ce85d.dir/CheckSymbolExists.c.o  -o cmTC_ce85d -rdynamic 
CMakeFiles/cmTC_ce85d.dir/CheckSymbolExists.c.o: In function `main':
CheckSymbolExists.c:(.text+0x16): undefined reference to `pthread_create'
collect2: error: ld returned 1 exit status
CMakeFiles/cmTC_ce85d.dir/build.make:97: recipe for target 'cmTC_ce85d' failed
make[1]: *** [cmTC_ce85d] Error 1
make[1]: Leaving directory '/home/gejg/ros/bioinspired_ws/build/tutorial1/CMakeFiles/CMakeTmp'
Makefile:126: recipe for target 'cmTC_ce85d/fast' failed
make: *** [cmTC_ce85d/fast] Error 2

File /home/gejg/ros/bioinspired_ws/build/tutorial1/CMakeFiles/CMakeTmp/CheckSymbolExists.c:
/* */
#include <pthread.h>

int main(int argc, char** argv)
{
  (void)argv;
#ifndef pthread_create
  return ((int*)(&pthread_create))[argc];
#else
  (void)argc;
  return 0;
#endif
}

Determining if the function pthread_create exists in the pthreads failed with the following output:
Change Dir: /home/gejg/ros/bioinspired_ws/build/tutorial1/CMakeFiles/CMakeTmp

Run Build Command:"/usr/bin/make" "cmTC_906b4/fast"
/usr/bin/make -f CMakeFiles/cmTC_906b4.dir/build.make CMakeFiles/cmTC_906b4.dir/build
make[1]: Entering directory '/home/gejg/ros/bioinspired_ws/build/tutorial1/CMakeFiles/CMakeTmp'
Building C object CMakeFiles/cmTC_906b4.dir/CheckFunctionExists.c.o
/usr/bin/cc    -DCHECK_FUNCTION_EXISTS=pthread_create   -o CMakeFiles/cmTC_906b4.dir/CheckFunctionExists.c.o   -c /usr/share/cmake-3.5/Modules/CheckFunctionExists.c
Linking C executable cmTC_906b4
/usr/bin/cmake -E cmake_link_script CMakeFiles/cmTC_906b4.dir/link.txt --verbose=1
/usr/bin/cc   -DCHECK_FUNCTION_EXISTS=pthread_create    CMakeFiles/cmTC_906b4.dir/CheckFunctionExists.c.o  -o cmTC_906b4 -rdynamic -lpthreads 
/usr/bin/ld: cannot find -lpthreads
collect2: error: ld returned 1 exit status
CMakeFiles/cmTC_906b4.dir/build.make:97: recipe for target 'cmTC_906b4' failed
make[1]: *** [cmTC_906b4] Error 1
make[1]: Leaving directory '/home/gejg/ros/bioinspired_ws/build/tutorial1/CMakeFiles/CMakeTmp'
Makefile:126: recipe for target 'cmTC_906b4/fast' failed
make: *** [cmTC_906b4/fast] Error 2


